<?xml version="1.0" encoding="UTF-8"?>
<testsuite name="ru.nsu.fitkulin.MainTest" tests="1" skipped="0" failures="0" errors="0" timestamp="2024-09-20T08:29:12" hostname="minicompik" time="0.024">
  <properties/>
  <testcase name="mainTest()" classname="ru.nsu.fitkulin.MainTest" time="0.024"/>
  <system-out><![CDATA[]]></system-out>
  <system-err><![CDATA[]]></system-err>
</testsuite>
